backend/src/lib/auth.ts(45,12): error TS2345: Argument of type 'string | undefined' is not assignable to parameter of type 'string'.
  Type 'undefined' is not assignable to type 'string'.
backend/src/routes/oauth.ts(28,5): error TS2322: Type 'Promise<void>' is not assignable to type 'void'.
backend/src/lib/validation.ts(15,3): error TS2741: Property 'message' is missing in type '{ code: number; }' but required in type 'ErrorResponse'.
npm run build:backend failed with exit code 1
